<?xml version="1.0" encoding="UTF-8"?>
<coverage generated="1678344102283" clover="3.2.0">
  <project timestamp="1678344102283" name="All files">
    <metrics statements="72" coveredstatements="72" conditionals="31" coveredconditionals="30" methods="29" coveredmethods="29" elements="132" coveredelements="131" complexity="0" loc="72" ncloc="72" packages="4" files="4" classes="4"/>
    <package name="CommonComponent.Header">
      <metrics statements="2" coveredstatements="2" conditionals="0" coveredconditionals="0" methods="1" coveredmethods="1"/>
      <file name="Header.jsx" path="E:\reactredux\src\CommonComponent\Header\Header.jsx">
        <metrics statements="2" coveredstatements="2" conditionals="0" coveredconditionals="0" methods="1" coveredmethods="1"/>
        <line num="6" count="23" type="stmt"/>
        <line num="10" count="23" type="stmt"/>
      </file>
    </package>
    <package name="Componet.AddData">
      <metrics statements="9" coveredstatements="9" conditionals="21" coveredconditionals="21" methods="4" coveredmethods="4"/>
      <file name="AddData.jsx" path="E:\reactredux\src\Componet\AddData\AddData.jsx">
        <metrics statements="9" coveredstatements="9" conditionals="21" coveredconditionals="21" methods="4" coveredmethods="4"/>
        <line num="9" count="4" type="stmt"/>
        <line num="11" count="3" type="stmt"/>
        <line num="12" count="3" type="stmt"/>
        <line num="15" count="3" type="stmt"/>
        <line num="25" count="1" type="stmt"/>
        <line num="26" count="1" type="stmt"/>
        <line num="45" count="10" type="stmt"/>
        <line num="46" count="10" type="stmt"/>
        <line num="47" count="10" type="stmt"/>
      </file>
    </package>
    <package name="Componet.HomePage">
      <metrics statements="40" coveredstatements="40" conditionals="10" coveredconditionals="9" methods="16" coveredmethods="16"/>
      <file name="Home.jsx" path="E:\reactredux\src\Componet\HomePage\Home.jsx">
        <metrics statements="40" coveredstatements="40" conditionals="10" coveredconditionals="9" methods="16" coveredmethods="16"/>
        <line num="12" count="1" type="stmt"/>
        <line num="14" count="9" type="stmt"/>
        <line num="15" count="8" type="stmt"/>
        <line num="16" count="8" type="stmt"/>
        <line num="17" count="8" type="stmt"/>
        <line num="18" count="8" type="stmt"/>
        <line num="19" count="8" type="stmt"/>
        <line num="21" count="8" type="stmt"/>
        <line num="22" count="3" type="stmt"/>
        <line num="25" count="8" type="stmt"/>
        <line num="26" count="1" type="stmt"/>
        <line num="27" count="1" type="stmt"/>
        <line num="28" count="1" type="stmt"/>
        <line num="32" count="8" type="stmt"/>
        <line num="33" count="1" type="stmt"/>
        <line num="34" count="1" type="stmt"/>
        <line num="35" count="1" type="stmt"/>
        <line num="36" count="1" type="stmt"/>
        <line num="37" count="1" type="stmt"/>
        <line num="40" count="8" type="stmt"/>
        <line num="41" count="1" type="stmt"/>
        <line num="42" count="1" type="stmt"/>
        <line num="43" count="1" type="stmt"/>
        <line num="44" count="1" type="stmt"/>
        <line num="47" count="8" type="stmt"/>
        <line num="48" count="2" type="stmt"/>
        <line num="51" count="8" type="stmt"/>
        <line num="52" count="2" type="stmt"/>
        <line num="55" count="8" type="stmt"/>
        <line num="56" count="1" type="stmt"/>
        <line num="57" count="1" type="stmt"/>
        <line num="60" count="8" type="stmt"/>
        <line num="61" count="1" type="stmt"/>
        <line num="62" count="1" type="stmt"/>
        <line num="65" count="8" type="stmt"/>
        <line num="83" count="24" type="stmt"/>
        <line num="88" count="1" type="stmt"/>
        <line num="89" count="1" type="stmt"/>
        <line num="133" count="1" type="stmt"/>
        <line num="160" count="1" type="stmt"/>
      </file>
    </package>
    <package name="Reduxs.Action">
      <metrics statements="21" coveredstatements="21" conditionals="0" coveredconditionals="0" methods="8" coveredmethods="8"/>
      <file name="index.js" path="E:\reactredux\src\Reduxs\Action\index.js">
        <metrics statements="21" coveredstatements="21" conditionals="0" coveredconditionals="0" methods="8" coveredmethods="8"/>
        <line num="3" count="2" type="stmt"/>
        <line num="4" count="4" type="stmt"/>
        <line num="10" count="2" type="stmt"/>
        <line num="11" count="2" type="stmt"/>
        <line num="17" count="2" type="stmt"/>
        <line num="18" count="6" type="stmt"/>
        <line num="24" count="2" type="stmt"/>
        <line num="25" count="9" type="stmt"/>
        <line num="26" count="5" type="stmt"/>
        <line num="27" count="5" type="stmt"/>
        <line num="28" count="5" type="stmt"/>
        <line num="29" count="1" type="stmt"/>
        <line num="30" count="1" type="stmt"/>
        <line num="32" count="4" type="stmt"/>
        <line num="33" count="4" type="stmt"/>
        <line num="38" count="2" type="stmt"/>
        <line num="39" count="1" type="stmt"/>
        <line num="45" count="2" type="stmt"/>
        <line num="46" count="1" type="stmt"/>
        <line num="52" count="2" type="stmt"/>
        <line num="53" count="1" type="stmt"/>
      </file>
    </package>
  </project>
</coverage>
