{"E:\\reactredux\\src\\CommonComponent\\Header\\Header.jsx": {"path":"E:\\reactredux\\src\\CommonComponent\\Header\\Header.jsx","statementMap":{"0":{"start":{"line":6,"column":26},"end":{"line":9,"column":6}},"1":{"start":{"line":10,"column":4},"end":{"line":19,"column":5}}},"fnMap":{"0":{"name":"Header","decl":{"start":{"line":5,"column":9},"end":{"line":5,"column":15}},"loc":{"start":{"line":5,"column":23},"end":{"line":20,"column":1}},"line":5}},"branchMap":{},"s":{"0":23,"1":23},"f":{"0":23},"b":{},"_coverageSchema":"1a1c01bbd47fc00a2c39e90264f33305004495a9","hash":"69e8ac2136796607c5cda80f4892563aaf70c07a"}
,"E:\\reactredux\\src\\Componet\\AddData\\AddData.jsx": {"path":"E:\\reactredux\\src\\Componet\\AddData\\AddData.jsx","statementMap":{"0":{"start":{"line":9,"column":21},"end":{"line":9,"column":34}},"1":{"start":{"line":11,"column":4},"end":{"line":13,"column":10}},"2":{"start":{"line":12,"column":8},"end":{"line":12,"column":27}},"3":{"start":{"line":15,"column":4},"end":{"line":153,"column":5}},"4":{"start":{"line":25,"column":20},"end":{"line":25,"column":41}},"5":{"start":{"line":26,"column":20},"end":{"line":26,"column":39}},"6":{"start":{"line":45,"column":24},"end":{"line":45,"column":29}},"7":{"start":{"line":46,"column":20},"end":{"line":46,"column":39}},"8":{"start":{"line":47,"column":20},"end":{"line":149,"column":22}}},"fnMap":{"0":{"name":"AddData","decl":{"start":{"line":8,"column":9},"end":{"line":8,"column":16}},"loc":{"start":{"line":8,"column":19},"end":{"line":154,"column":1}},"line":8},"1":{"name":"(anonymous_1)","decl":{"start":{"line":11,"column":14},"end":{"line":11,"column":15}},"loc":{"start":{"line":11,"column":20},"end":{"line":13,"column":5}},"line":11},"2":{"name":"(anonymous_2)","decl":{"start":{"line":24,"column":26},"end":{"line":24,"column":27}},"loc":{"start":{"line":24,"column":46},"end":{"line":27,"column":17}},"line":24},"3":{"name":"(anonymous_3)","decl":{"start":{"line":34,"column":17},"end":{"line":34,"column":18}},"loc":{"start":{"line":34,"column":26},"end":{"line":150,"column":17}},"line":34}},"branchMap":{"0":{"loc":{"start":{"line":94,"column":60},"end":{"line":96,"column":107}},"type":"cond-expr","locations":[{"start":{"line":95,"column":66},"end":{"line":95,"column":113}},{"start":{"line":96,"column":66},"end":{"line":96,"column":107}}],"line":94},"1":{"loc":{"start":{"line":94,"column":60},"end":{"line":94,"column":91}},"type":"binary-expr","locations":[{"start":{"line":94,"column":60},"end":{"line":94,"column":73}},{"start":{"line":94,"column":77},"end":{"line":94,"column":91}}],"line":94},"2":{"loc":{"start":{"line":105,"column":53},"end":{"line":107,"column":53}},"type":"binary-expr","locations":[{"start":{"line":105,"column":53},"end":{"line":105,"column":66}},{"start":{"line":105,"column":70},"end":{"line":105,"column":84}},{"start":{"line":106,"column":56},"end":{"line":106,"column":109}}],"line":105},"3":{"loc":{"start":{"line":114,"column":60},"end":{"line":116,"column":107}},"type":"cond-expr","locations":[{"start":{"line":115,"column":66},"end":{"line":115,"column":113}},{"start":{"line":116,"column":66},"end":{"line":116,"column":107}}],"line":114},"4":{"loc":{"start":{"line":114,"column":60},"end":{"line":114,"column":89}},"type":"binary-expr","locations":[{"start":{"line":114,"column":60},"end":{"line":114,"column":72}},{"start":{"line":114,"column":76},"end":{"line":114,"column":89}}],"line":114},"5":{"loc":{"start":{"line":120,"column":53},"end":{"line":122,"column":53}},"type":"binary-expr","locations":[{"start":{"line":120,"column":53},"end":{"line":120,"column":65}},{"start":{"line":120,"column":69},"end":{"line":120,"column":82}},{"start":{"line":121,"column":56},"end":{"line":121,"column":108}}],"line":120},"6":{"loc":{"start":{"line":130,"column":60},"end":{"line":132,"column":107}},"type":"cond-expr","locations":[{"start":{"line":131,"column":66},"end":{"line":131,"column":113}},{"start":{"line":132,"column":66},"end":{"line":132,"column":107}}],"line":130},"7":{"loc":{"start":{"line":130,"column":60},"end":{"line":130,"column":87}},"type":"binary-expr","locations":[{"start":{"line":130,"column":60},"end":{"line":130,"column":71}},{"start":{"line":130,"column":75},"end":{"line":130,"column":87}}],"line":130},"8":{"loc":{"start":{"line":135,"column":53},"end":{"line":137,"column":53}},"type":"binary-expr","locations":[{"start":{"line":135,"column":53},"end":{"line":135,"column":64}},{"start":{"line":135,"column":68},"end":{"line":135,"column":80}},{"start":{"line":136,"column":56},"end":{"line":136,"column":107}}],"line":135}},"s":{"0":4,"1":3,"2":3,"3":3,"4":1,"5":1,"6":10,"7":10,"8":10},"f":{"0":4,"1":3,"2":1,"3":10},"b":{"0":[1,9],"1":[10,1],"2":[10,1,1],"3":[1,9],"4":[10,1],"5":[10,1,1],"6":[1,9],"7":[10,1],"8":[10,1,1]},"_coverageSchema":"1a1c01bbd47fc00a2c39e90264f33305004495a9","hash":"950ceb20b0caef38ed827f9d108f223519b3a75f"}
,"E:\\reactredux\\src\\Componet\\HomePage\\Home.jsx": {"path":"E:\\reactredux\\src\\Componet\\HomePage\\Home.jsx","statementMap":{"0":{"start":{"line":12,"column":13},"end":{"line":167,"column":1}},"1":{"start":{"line":14,"column":19},"end":{"line":14,"column":32}},"2":{"start":{"line":15,"column":21},"end":{"line":15,"column":54}},"3":{"start":{"line":15,"column":42},"end":{"line":15,"column":53}},"4":{"start":{"line":16,"column":26},"end":{"line":16,"column":47}},"5":{"start":{"line":17,"column":30},"end":{"line":17,"column":42}},"6":{"start":{"line":18,"column":24},"end":{"line":18,"column":34}},"7":{"start":{"line":19,"column":36},"end":{"line":19,"column":48}},"8":{"start":{"line":21,"column":2},"end":{"line":23,"column":8}},"9":{"start":{"line":22,"column":4},"end":{"line":22,"column":23}},"10":{"start":{"line":25,"column":16},"end":{"line":30,"column":3}},"11":{"start":{"line":26,"column":28},"end":{"line":26,"column":36}},"12":{"start":{"line":27,"column":4},"end":{"line":29,"column":6}},"13":{"start":{"line":28,"column":6},"end":{"line":28,"column":40}},"14":{"start":{"line":32,"column":21},"end":{"line":38,"column":3}},"15":{"start":{"line":33,"column":4},"end":{"line":33,"column":22}},"16":{"start":{"line":34,"column":4},"end":{"line":34,"column":21}},"17":{"start":{"line":35,"column":4},"end":{"line":35,"column":22}},"18":{"start":{"line":36,"column":4},"end":{"line":36,"column":24}},"19":{"start":{"line":37,"column":4},"end":{"line":37,"column":18}},"20":{"start":{"line":40,"column":19},"end":{"line":45,"column":3}},"21":{"start":{"line":41,"column":4},"end":{"line":41,"column":21}},"22":{"start":{"line":42,"column":4},"end":{"line":42,"column":20}},"23":{"start":{"line":43,"column":4},"end":{"line":43,"column":18}},"24":{"start":{"line":44,"column":4},"end":{"line":44,"column":22}},"25":{"start":{"line":47,"column":26},"end":{"line":49,"column":3}},"26":{"start":{"line":48,"column":4},"end":{"line":48,"column":18}},"27":{"start":{"line":51,"column":22},"end":{"line":53,"column":3}},"28":{"start":{"line":52,"column":4},"end":{"line":52,"column":19}},"29":{"start":{"line":55,"column":21},"end":{"line":58,"column":3}},"30":{"start":{"line":56,"column":4},"end":{"line":56,"column":35}},"31":{"start":{"line":57,"column":4},"end":{"line":57,"column":18}},"32":{"start":{"line":60,"column":18},"end":{"line":63,"column":3}},"33":{"start":{"line":61,"column":4},"end":{"line":61,"column":26}},"34":{"start":{"line":62,"column":4},"end":{"line":62,"column":18}},"35":{"start":{"line":65,"column":2},"end":{"line":166,"column":3}},"36":{"start":{"line":83,"column":18},"end":{"line":91,"column":19}},"37":{"start":{"line":88,"column":83},"end":{"line":88,"column":103}},"38":{"start":{"line":89,"column":87},"end":{"line":89,"column":109}},"39":{"start":{"line":133,"column":61},"end":{"line":133,"column":87}},"40":{"start":{"line":160,"column":63},"end":{"line":160,"column":72}}},"fnMap":{"0":{"name":"(anonymous_0)","decl":{"start":{"line":12,"column":13},"end":{"line":12,"column":14}},"loc":{"start":{"line":12,"column":19},"end":{"line":167,"column":1}},"line":12},"1":{"name":"(anonymous_1)","decl":{"start":{"line":15,"column":33},"end":{"line":15,"column":34}},"loc":{"start":{"line":15,"column":42},"end":{"line":15,"column":53}},"line":15},"2":{"name":"(anonymous_2)","decl":{"start":{"line":21,"column":12},"end":{"line":21,"column":13}},"loc":{"start":{"line":21,"column":18},"end":{"line":23,"column":3}},"line":21},"3":{"name":"(anonymous_3)","decl":{"start":{"line":25,"column":16},"end":{"line":25,"column":17}},"loc":{"start":{"line":25,"column":23},"end":{"line":30,"column":3}},"line":25},"4":{"name":"(anonymous_4)","decl":{"start":{"line":27,"column":17},"end":{"line":27,"column":18}},"loc":{"start":{"line":27,"column":26},"end":{"line":29,"column":5}},"line":27},"5":{"name":"(anonymous_5)","decl":{"start":{"line":32,"column":21},"end":{"line":32,"column":22}},"loc":{"start":{"line":32,"column":37},"end":{"line":38,"column":3}},"line":32},"6":{"name":"(anonymous_6)","decl":{"start":{"line":40,"column":19},"end":{"line":40,"column":20}},"loc":{"start":{"line":40,"column":33},"end":{"line":45,"column":3}},"line":40},"7":{"name":"(anonymous_7)","decl":{"start":{"line":47,"column":26},"end":{"line":47,"column":27}},"loc":{"start":{"line":47,"column":32},"end":{"line":49,"column":3}},"line":47},"8":{"name":"(anonymous_8)","decl":{"start":{"line":51,"column":22},"end":{"line":51,"column":23}},"loc":{"start":{"line":51,"column":28},"end":{"line":53,"column":3}},"line":51},"9":{"name":"(anonymous_9)","decl":{"start":{"line":55,"column":21},"end":{"line":55,"column":22}},"loc":{"start":{"line":55,"column":28},"end":{"line":58,"column":3}},"line":55},"10":{"name":"(anonymous_10)","decl":{"start":{"line":60,"column":18},"end":{"line":60,"column":19}},"loc":{"start":{"line":60,"column":24},"end":{"line":63,"column":3}},"line":60},"11":{"name":"(anonymous_11)","decl":{"start":{"line":82,"column":40},"end":{"line":82,"column":41}},"loc":{"start":{"line":82,"column":56},"end":{"line":92,"column":17}},"line":82},"12":{"name":"(anonymous_12)","decl":{"start":{"line":88,"column":75},"end":{"line":88,"column":76}},"loc":{"start":{"line":88,"column":81},"end":{"line":88,"column":105}},"line":88},"13":{"name":"(anonymous_13)","decl":{"start":{"line":89,"column":79},"end":{"line":89,"column":80}},"loc":{"start":{"line":89,"column":85},"end":{"line":89,"column":111}},"line":89},"14":{"name":"(anonymous_14)","decl":{"start":{"line":133,"column":53},"end":{"line":133,"column":54}},"loc":{"start":{"line":133,"column":59},"end":{"line":133,"column":89}},"line":133},"15":{"name":"(anonymous_15)","decl":{"start":{"line":160,"column":55},"end":{"line":160,"column":56}},"loc":{"start":{"line":160,"column":61},"end":{"line":160,"column":74}},"line":160}},"branchMap":{"0":{"loc":{"start":{"line":86,"column":27},"end":{"line":86,"column":100}},"type":"cond-expr","locations":[{"start":{"line":86,"column":47},"end":{"line":86,"column":56}},{"start":{"line":86,"column":59},"end":{"line":86,"column":100}}],"line":86},"1":{"loc":{"start":{"line":86,"column":59},"end":{"line":86,"column":100}},"type":"cond-expr","locations":[{"start":{"line":86,"column":79},"end":{"line":86,"column":87}},{"start":{"line":86,"column":90},"end":{"line":86,"column":100}}],"line":86},"2":{"loc":{"start":{"line":97,"column":9},"end":{"line":162,"column":19}},"type":"cond-expr","locations":[{"start":{"line":98,"column":10},"end":{"line":135,"column":19}},{"start":{"line":137,"column":10},"end":{"line":162,"column":19}}],"line":97},"3":{"loc":{"start":{"line":148,"column":21},"end":{"line":148,"column":106}},"type":"cond-expr","locations":[{"start":{"line":148,"column":47},"end":{"line":148,"column":56}},{"start":{"line":148,"column":59},"end":{"line":148,"column":106}}],"line":148},"4":{"loc":{"start":{"line":148,"column":59},"end":{"line":148,"column":106}},"type":"cond-expr","locations":[{"start":{"line":148,"column":85},"end":{"line":148,"column":93}},{"start":{"line":148,"column":96},"end":{"line":148,"column":106}}],"line":148}},"s":{"0":1,"1":9,"2":8,"3":8,"4":8,"5":8,"6":8,"7":8,"8":8,"9":3,"10":8,"11":1,"12":1,"13":1,"14":8,"15":1,"16":1,"17":1,"18":1,"19":1,"20":8,"21":1,"22":1,"23":1,"24":1,"25":8,"26":2,"27":8,"28":2,"29":8,"30":1,"31":1,"32":8,"33":1,"34":1,"35":8,"36":24,"37":1,"38":1,"39":1,"40":1},"f":{"0":9,"1":8,"2":3,"3":1,"4":1,"5":1,"6":1,"7":2,"8":2,"9":1,"10":1,"11":24,"12":1,"13":1,"14":1,"15":1},"b":{"0":[8,16],"1":[8,8],"2":[3,5],"3":[2,3],"4":[0,3]},"_coverageSchema":"1a1c01bbd47fc00a2c39e90264f33305004495a9","hash":"713ece757ea2cc925244b6ed27e4584fe95d2483"}
,"E:\\reactredux\\src\\Reduxs\\Action\\index.js": {"path":"E:\\reactredux\\src\\Reduxs\\Action\\index.js","statementMap":{"0":{"start":{"line":3,"column":21},"end":{"line":8,"column":1}},"1":{"start":{"line":4,"column":4},"end":{"line":7,"column":5}},"2":{"start":{"line":10,"column":22},"end":{"line":15,"column":1}},"3":{"start":{"line":11,"column":4},"end":{"line":14,"column":5}},"4":{"start":{"line":17,"column":25},"end":{"line":22,"column":1}},"5":{"start":{"line":18,"column":4},"end":{"line":21,"column":5}},"6":{"start":{"line":24,"column":23},"end":{"line":36,"column":1}},"7":{"start":{"line":25,"column":4},"end":{"line":35,"column":6}},"8":{"start":{"line":26,"column":8},"end":{"line":26,"column":33}},"9":{"start":{"line":27,"column":8},"end":{"line":34,"column":9}},"10":{"start":{"line":28,"column":24},"end":{"line":28,"column":95}},"11":{"start":{"line":29,"column":12},"end":{"line":29,"column":38}},"12":{"start":{"line":30,"column":12},"end":{"line":30,"column":38}},"13":{"start":{"line":32,"column":12},"end":{"line":32,"column":39}},"14":{"start":{"line":33,"column":12},"end":{"line":33,"column":40}},"15":{"start":{"line":38,"column":19},"end":{"line":43,"column":1}},"16":{"start":{"line":39,"column":4},"end":{"line":42,"column":5}},"17":{"start":{"line":45,"column":23},"end":{"line":50,"column":1}},"18":{"start":{"line":46,"column":4},"end":{"line":49,"column":5}},"19":{"start":{"line":52,"column":21},"end":{"line":58,"column":1}},"20":{"start":{"line":53,"column":4},"end":{"line":57,"column":5}}},"fnMap":{"0":{"name":"(anonymous_0)","decl":{"start":{"line":3,"column":21},"end":{"line":3,"column":22}},"loc":{"start":{"line":3,"column":31},"end":{"line":8,"column":1}},"line":3},"1":{"name":"(anonymous_1)","decl":{"start":{"line":10,"column":22},"end":{"line":10,"column":23}},"loc":{"start":{"line":10,"column":32},"end":{"line":15,"column":1}},"line":10},"2":{"name":"(anonymous_2)","decl":{"start":{"line":17,"column":25},"end":{"line":17,"column":26}},"loc":{"start":{"line":17,"column":35},"end":{"line":22,"column":1}},"line":17},"3":{"name":"(anonymous_3)","decl":{"start":{"line":24,"column":23},"end":{"line":24,"column":24}},"loc":{"start":{"line":24,"column":29},"end":{"line":36,"column":1}},"line":24},"4":{"name":"(anonymous_4)","decl":{"start":{"line":25,"column":11},"end":{"line":25,"column":12}},"loc":{"start":{"line":25,"column":29},"end":{"line":35,"column":5}},"line":25},"5":{"name":"(anonymous_5)","decl":{"start":{"line":38,"column":19},"end":{"line":38,"column":20}},"loc":{"start":{"line":38,"column":29},"end":{"line":43,"column":1}},"line":38},"6":{"name":"(anonymous_6)","decl":{"start":{"line":45,"column":23},"end":{"line":45,"column":24}},"loc":{"start":{"line":45,"column":33},"end":{"line":50,"column":1}},"line":45},"7":{"name":"(anonymous_7)","decl":{"start":{"line":52,"column":21},"end":{"line":52,"column":22}},"loc":{"start":{"line":52,"column":38},"end":{"line":58,"column":1}},"line":52}},"branchMap":{},"s":{"0":2,"1":4,"2":2,"3":2,"4":2,"5":6,"6":2,"7":9,"8":5,"9":5,"10":5,"11":1,"12":1,"13":4,"14":4,"15":2,"16":1,"17":2,"18":1,"19":2,"20":1},"f":{"0":4,"1":2,"2":6,"3":9,"4":5,"5":1,"6":1,"7":1},"b":{},"_coverageSchema":"1a1c01bbd47fc00a2c39e90264f33305004495a9","hash":"7e0088801d6be1b334f2efa73495217f83c338df"}
}
