TN:
SF:src\CommonComponent\Header\Header.jsx
FN:5,Header
FNF:1
FNH:1
FNDA:23,Header
DA:6,23
DA:10,23
LF:2
LH:2
BRF:0
BRH:0
end_of_record
TN:
SF:src\Componet\AddData\AddData.jsx
FN:8,AddData
FN:11,(anonymous_1)
FN:24,(anonymous_2)
FN:34,(anonymous_3)
FNF:4
FNH:4
FNDA:4,AddData
FNDA:3,(anonymous_1)
FNDA:1,(anonymous_2)
FNDA:10,(anonymous_3)
DA:9,4
DA:11,3
DA:12,3
DA:15,3
DA:25,1
DA:26,1
DA:45,10
DA:46,10
DA:47,10
LF:9
LH:9
BRDA:94,0,0,1
BRDA:94,0,1,9
BRDA:94,1,0,10
BRDA:94,1,1,1
BRDA:105,2,0,10
BRDA:105,2,1,1
BRDA:105,2,2,1
BRDA:114,3,0,1
BRDA:114,3,1,9
BRDA:114,4,0,10
BRDA:114,4,1,1
BRDA:120,5,0,10
BRDA:120,5,1,1
BRDA:120,5,2,1
BRDA:130,6,0,1
BRDA:130,6,1,9
BRDA:130,7,0,10
BRDA:130,7,1,1
BRDA:135,8,0,10
BRDA:135,8,1,1
BRDA:135,8,2,1
BRF:21
BRH:21
end_of_record
TN:
SF:src\Componet\HomePage\Home.jsx
FN:12,(anonymous_0)
FN:15,(anonymous_1)
FN:21,(anonymous_2)
FN:25,(anonymous_3)
FN:27,(anonymous_4)
FN:32,(anonymous_5)
FN:40,(anonymous_6)
FN:47,(anonymous_7)
FN:51,(anonymous_8)
FN:55,(anonymous_9)
FN:60,(anonymous_10)
FN:82,(anonymous_11)
FN:88,(anonymous_12)
FN:89,(anonymous_13)
FN:133,(anonymous_14)
FN:160,(anonymous_15)
FNF:16
FNH:16
FNDA:9,(anonymous_0)
FNDA:8,(anonymous_1)
FNDA:3,(anonymous_2)
FNDA:1,(anonymous_3)
FNDA:1,(anonymous_4)
FNDA:1,(anonymous_5)
FNDA:1,(anonymous_6)
FNDA:2,(anonymous_7)
FNDA:2,(anonymous_8)
FNDA:1,(anonymous_9)
FNDA:1,(anonymous_10)
FNDA:24,(anonymous_11)
FNDA:1,(anonymous_12)
FNDA:1,(anonymous_13)
FNDA:1,(anonymous_14)
FNDA:1,(anonymous_15)
DA:12,1
DA:14,9
DA:15,8
DA:16,8
DA:17,8
DA:18,8
DA:19,8
DA:21,8
DA:22,3
DA:25,8
DA:26,1
DA:27,1
DA:28,1
DA:32,8
DA:33,1
DA:34,1
DA:35,1
DA:36,1
DA:37,1
DA:40,8
DA:41,1
DA:42,1
DA:43,1
DA:44,1
DA:47,8
DA:48,2
DA:51,8
DA:52,2
DA:55,8
DA:56,1
DA:57,1
DA:60,8
DA:61,1
DA:62,1
DA:65,8
DA:83,24
DA:88,1
DA:89,1
DA:133,1
DA:160,1
LF:40
LH:40
BRDA:86,0,0,8
BRDA:86,0,1,16
BRDA:86,1,0,8
BRDA:86,1,1,8
BRDA:97,2,0,3
BRDA:97,2,1,5
BRDA:148,3,0,2
BRDA:148,3,1,3
BRDA:148,4,0,0
BRDA:148,4,1,3
BRF:10
BRH:9
end_of_record
TN:
SF:src\Reduxs\Action\index.js
FN:3,(anonymous_0)
FN:10,(anonymous_1)
FN:17,(anonymous_2)
FN:24,(anonymous_3)
FN:25,(anonymous_4)
FN:38,(anonymous_5)
FN:45,(anonymous_6)
FN:52,(anonymous_7)
FNF:8
FNH:8
FNDA:4,(anonymous_0)
FNDA:2,(anonymous_1)
FNDA:6,(anonymous_2)
FNDA:9,(anonymous_3)
FNDA:5,(anonymous_4)
FNDA:1,(anonymous_5)
FNDA:1,(anonymous_6)
FNDA:1,(anonymous_7)
DA:3,2
DA:4,4
DA:10,2
DA:11,2
DA:17,2
DA:18,6
DA:24,2
DA:25,9
DA:26,5
DA:27,5
DA:28,5
DA:29,1
DA:30,1
DA:32,4
DA:33,4
DA:38,2
DA:39,1
DA:45,2
DA:46,1
DA:52,2
DA:53,1
LF:21
LH:21
BRF:0
BRH:0
end_of_record
